<?xml version="1.0" encoding="UTF-8"?>
<!-- Generated by org.testng.reporters.JUnitReportReporter -->
<testsuite skipped="0" hostname="Shivani-PC" name="sampleDemo.GridDemo" tests="2" failures="0" timestamp="2020-04-23T19:10:32 IST" time="114.562" errors="0">
  <testcase name="test_site" time="34.386" classname="sampleDemo.GridDemo"/>
  <testcase name="test_site" time="80.176" classname="sampleDemo.GridDemo"/>
</testsuite> <!-- sampleDemo.GridDemo -->
